\BOOKMARK [-1][-]{part.1}{\376\377\000I\000\040\000M\000u\000l\000t\000i\000p\000l\000i\000c\000a\000t\000i\000v\000e\000\040\000N\000u\000m\000b\000e\000r\000\040\000T\000h\000e\000o\000r\000y}{}% 1
\BOOKMARK [0][-]{chapter.1}{\376\377\000A\000r\000i\000t\000h\000m\000e\000t\000i\000c\000\040\000F\000u\000n\000c\000t\000i\000o\000n\000s}{part.1}% 2
\BOOKMARK [1][-]{section.1.1}{\376\377\000M\000u\000l\000t\000i\000p\000l\000i\000c\000a\000t\000i\000v\000e\000\040\000a\000n\000d\000\040\000A\000d\000d\000i\000t\000i\000v\000e\000\040\000F\000u\000n\000c\000t\000i\000o\000n\000s}{chapter.1}% 3
\BOOKMARK [1][-]{section.1.2}{\376\377\000D\000i\000r\000i\000c\000h\000l\000e\000t\000\040\000C\000o\000n\000v\000o\000l\000u\000t\000i\000o\000n\000\040\000a\000n\000d\000\040\000t\000h\000e\000\040\000M\000\366\000b\000i\000u\000s\000\040\000I\000n\000v\000e\000r\000s\000i\000o\000n\000\040\000F\000o\000r\000m\000u\000l\000a}{chapter.1}% 4
\BOOKMARK [0][-]{chapter.2}{\376\377\000T\000o\000d\000o\000:\000\040\000[\000D\000i\000t\000r\000i\000b\000u\000t\000i\000o\000n\000s\000\040\000a\000n\000d\000\040\000A\000s\000y\000m\000p\000t\000o\000t\000i\000c\000s\000]}{part.1}% 5
\BOOKMARK [0][-]{chapter.3}{\376\377\000D\000i\000r\000i\000c\000h\000l\000e\000t\000\040\000C\000h\000a\000r\000a\000c\000t\000e\000r\000s\000\040\000a\000n\000d\000\040\000C\000h\000a\000r\000a\000c\000t\000e\000r\000\040\000S\000u\000m\000s}{part.1}% 6
\BOOKMARK [1][-]{section.3.1}{\376\377\000D\000i\000r\000i\000c\000h\000l\000e\000t\000\040\000C\000h\000a\000r\000a\000c\000t\000e\000r\000s}{chapter.3}% 7
\BOOKMARK [1][-]{section.3.2}{\376\377\000Q\000u\000a\000d\000r\000a\000t\000i\000c\000\040\000D\000i\000r\000i\000c\000h\000l\000e\000t\000\040\000C\000h\000a\000r\000a\000c\000t\000e\000r\000s}{chapter.3}% 8
\BOOKMARK [1][-]{section.3.3}{\376\377\000T\000o\000d\000o\000:\000\040\000[\000R\000a\000m\000a\000n\000u\000j\000a\000n\000\040\000a\000n\000d\000\040\000G\000a\000u\000s\000s\000\040\000S\000u\000m\000s\000]}{chapter.3}% 9
\BOOKMARK [1][-]{section.3.4}{\376\377\000T\000o\000d\000o\000:\000\040\000[\000Q\000u\000a\000d\000r\000a\000t\000i\000c\000\040\000G\000a\000u\000s\000s\000\040\000S\000u\000m\000s\000]}{chapter.3}% 10
\BOOKMARK [-1][-]{part.2}{\376\377\000I\000I\000\040\000A\000l\000g\000e\000b\000r\000a\000i\000c\000\040\000N\000u\000m\000b\000e\000r\000\040\000T\000h\000e\000o\000r\000y}{}% 11
\BOOKMARK [0][-]{chapter.4}{\376\377\000T\000o\000d\000o\000:\000\040\000[\000A\000l\000g\000e\000b\000r\000a\000i\000c\000\040\000I\000n\000t\000e\000g\000e\000r\000s\000]}{part.2}% 12
\BOOKMARK [0][-]{chapter.5}{\376\377\000T\000o\000d\000o\000:\000\040\000[\000R\000a\000m\000i\000f\000i\000c\000a\000t\000i\000o\000n\000]}{part.2}% 13
\BOOKMARK [0][-]{chapter.6}{\376\377\000T\000o\000d\000o\000:\000\040\000[\000G\000e\000o\000m\000e\000t\000r\000y\000\040\000o\000f\000\040\000N\000u\000m\000b\000e\000r\000s\000]}{part.2}% 14
\BOOKMARK [-1][-]{part.3}{\376\377\000I\000I\000I\000\040\000A\000n\000a\000l\000y\000t\000i\000c\000\040\000N\000u\000m\000b\000e\000r\000\040\000T\000h\000e\000o\000r\000y}{}% 15
\BOOKMARK [0][-]{chapter.7}{\376\377\000D\000i\000r\000i\000c\000h\000l\000e\000t\000\040\000S\000e\000r\000i\000e\000s}{part.3}% 16
\BOOKMARK [1][-]{section.7.1}{\376\377\000C\000o\000n\000v\000e\000r\000g\000e\000n\000c\000e\000\040\000P\000r\000o\000p\000e\000r\000t\000i\000e\000s}{chapter.7}% 17
\BOOKMARK [1][-]{section.7.2}{\376\377\000E\000u\000l\000e\000r\000\040\000P\000r\000o\000d\000u\000c\000t\000s}{chapter.7}% 18
\BOOKMARK [1][-]{section.7.3}{\376\377\000D\000i\000r\000i\000c\000h\000l\000e\000t\000\040\000C\000o\000n\000v\000o\000l\000u\000t\000i\000o\000n}{chapter.7}% 19
\BOOKMARK [1][-]{section.7.4}{\376\377\000P\000e\000r\000r\000o\000n\000\040\000F\000o\000r\000m\000u\000l\000a\000s}{chapter.7}% 20
\BOOKMARK [0][-]{chapter.8}{\376\377\000A\000n\000a\000l\000y\000t\000i\000c\000\040\000L\000-\000f\000u\000n\000c\000t\000i\000o\000n\000s}{part.3}% 21
\BOOKMARK [1][-]{section.8.1}{\376\377\000A\000n\000a\000l\000y\000t\000i\000c\000\040\000D\000a\000t\000a}{chapter.8}% 22
\BOOKMARK [1][-]{section.8.2}{\376\377\000T\000h\000e\000\040\000A\000p\000p\000r\000o\000x\000i\000m\000a\000t\000e\000\040\000F\000u\000n\000c\000t\000i\000o\000n\000a\000l\000\040\000E\000q\000u\000a\000t\000i\000o\000n}{chapter.8}% 23
\BOOKMARK [1][-]{section.8.3}{\376\377\000T\000h\000e\000\040\000R\000i\000e\000m\000a\000n\000n\000\040\000H\000y\000p\000o\000t\000h\000e\000s\000i\000s\000\040\000a\000n\000d\000\040\000N\000o\000n\000t\000r\000i\000v\000i\000a\000l\000\040\000Z\000e\000r\000o\000s}{chapter.8}% 24
\BOOKMARK [1][-]{section.8.4}{\376\377\000T\000h\000e\000\040\000L\000i\000n\000d\000e\000l\000\366\000f\000\040\000H\000y\000p\000o\000t\000h\000e\000s\000i\000s\000\040\000a\000n\000d\000\040\000E\000s\000t\000i\000m\000a\000t\000e\000s\000\040\000o\000n\000\040\000t\000h\000e\000\040\000C\000r\000i\000t\000i\000c\000a\000l\000\040\000L\000i\000n\000e}{chapter.8}% 25
\BOOKMARK [1][-]{section.8.5}{\376\377\000L\000o\000g\000a\000r\000i\000t\000h\000m\000i\000c\000\040\000D\000e\000r\000i\000v\000a\000t\000i\000v\000e\000s}{chapter.8}% 26
\BOOKMARK [0][-]{chapter.9}{\376\377\000T\000o\000d\000o\000:\000\040\000[\000M\000o\000m\000e\000n\000t\000s\000]}{part.3}% 27
\BOOKMARK [0][-]{chapter.10}{\376\377\000T\000o\000d\000o\000:\000\040\000[\000A\000n\000a\000l\000y\000t\000i\000c\000\040\000T\000h\000e\000o\000r\000y\000\040\000o\000f\000\040\000t\000h\000e\000\040\000R\000i\000e\000m\000a\000n\000n\000\040\000Z\000e\000t\000a\000\040\000F\000u\000n\000c\000t\000i\000o\000n\000]}{part.3}% 28
\BOOKMARK [0][-]{chapter.11}{\376\377\000T\000o\000d\000o\000:\000\040\000[\000A\000n\000a\000l\000y\000t\000i\000c\000\040\000T\000h\000e\000o\000r\000y\000\040\000o\000f\000\040\000D\000i\000r\000i\000c\000h\000l\000e\000t\000\040\000L\000-\000f\000u\000n\000c\000t\000i\000o\000n\000s\000]}{part.3}% 29
\BOOKMARK [0][-]{chapter.12}{\376\377\000T\000o\000d\000o\000:\000\040\000[\000A\000n\000a\000l\000y\000t\000i\000c\000\040\000T\000h\000e\000o\000r\000y\000\040\000o\000f\000\040\000D\000e\000d\000e\000k\000i\000n\000d\000\040\000Z\000e\000t\000a\000\040\000F\000u\000n\000c\000t\000i\000o\000n\000s\000]}{part.3}% 30
\BOOKMARK [-1][-]{part.4}{\376\377\000I\000V\000\040\000A\000p\000p\000e\000n\000d\000i\000c\000e\000s}{}% 31
